platforms/android/app/build/outputs/logs/manifest-merger-debug-report.txt
-- Merging decision tree log ---
manifest
ADDED from src/main/AndroidManifest.xml:2:1-43:12
INJECTED from src/main/AndroidManifest.xml:2:1-43:12
INJECTED from src/main/AndroidManifest.xml:2:1-43:12
INJECTED from src/main/AndroidManifest.xml:2:1-43:12
MERGED from [com.android.support:exifinterface:28.0.0] AndroidManifest.xml:17:1-22:12
MERGED from [com.android.support:design:25.3.1] AndroidManifest.xml:17:1-31:12
MERGED from [com.android.support:multidex:1.0.2] AndroidManifest.xml:17:1-22:12
MERGED from [com.android.support:appcompat-v7:25.3.1] AndroidManifest.xml:17:1-31:12
MERGED from [com.android.support:transition:25.3.1] AndroidManifest.xml:17:1-28:12
MERGED from [com.android.support:support-v4:25.3.1] AndroidManifest.xml:17:1-31:12
MERGED from [:nativescript-optimized-with-inspector:] AndroidManifest.xml:2:1-11:12
MERGED from [:nativescript_camera_plus:] AndroidManifest.xml:2:1-36:12
MERGED from [:nativescript-camera-plus:] AndroidManifest.xml:2:1-17:12
MERGED from [:nativescript_camera:] AndroidManifest.xml:2:1-23:12
MERGED from [:fancylogger-release:] AndroidManifest.xml:2:1-11:12
MERGED from [:libwebrtc:] AndroidManifest.xml:11:1-14:12
MERGED from [:fancywebrtc-release:] AndroidManifest.xml:2:1-22:12
MERGED from [:widgets-release:] AndroidManifest.xml:2:1-14:12
MERGED from [com.android.support:recyclerview-v7:25.3.1] AndroidManifest.xml:17:1-26:12
MERGED from [com.android.support:support-fragment:25.3.1] AndroidManifest.xml:17:1-31:12
MERGED from [com.android.support:support-media-compat:25.3.1] AndroidManifest.xml:17:1-31:12
MERGED from [com.android.support:support-core-utils:25.3.1] AndroidManifest.xml:17:1-31:12
MERGED from [com.android.support:support-core-ui:25.3.1] AndroidManifest.xml:17:1-31:12
MERGED from [com.android.support:animated-vector-drawable:25.3.1] AndroidManifest.xml:17:1-28:12
MERGED from [com.android.support:support-vector-drawable:25.3.1] AndroidManifest.xml:17:1-28:12
MERGED from [com.android.support:support-compat:25.3.1] AndroidManifest.xml:17:1-31:12
INJECTED from src/main/AndroidManifest.xml:2:1-43:12
INJECTED from src/main/AndroidManifest.xml:2:1-43:12
INJECTED from src/main/AndroidManifest.xml:2:1-43:12
	package
		ADDED from src/main/AndroidManifest.xml:3:2-35
		INJECTED from src/main/AndroidManifest.xml
		INJECTED from src/main/AndroidManifest.xml
	android:versionName
		ADDED from src/main/AndroidManifest.xml:5:2-27
		INJECTED from src/main/AndroidManifest.xml
		INJECTED from src/main/AndroidManifest.xml
	xmlns:android
		ADDED from src/main/AndroidManifest.xml:2:11-69
	android:versionCode
		ADDED from src/main/AndroidManifest.xml:4:2-25
		INJECTED from src/main/AndroidManifest.xml
		INJECTED from src/main/AndroidManifest.xml
supports-screens
ADDED from src/main/AndroidManifest.xml:7:2-11:33
	android:largeScreens
		ADDED from src/main/AndroidManifest.xml:10:3-30
	android:smallScreens
		ADDED from src/main/AndroidManifest.xml:8:3-30
	android:normalScreens
		ADDED from src/main/AndroidManifest.xml:9:3-31
	android:xlargeScreens
		ADDED from src/main/AndroidManifest.xml:11:3-31
uses-sdk
ADDED from src/main/AndroidManifest.xml:13:2-15:34
INJECTED from src/main/AndroidManifest.xml:13:2-15:34
INJECTED from src/main/AndroidManifest.xml:13:2-15:34
MERGED from [com.android.support:exifinterface:28.0.0] AndroidManifest.xml:20:5-44
MERGED from [com.android.support:exifinterface:28.0.0] AndroidManifest.xml:20:5-44
MERGED from [com.android.support:design:25.3.1] AndroidManifest.xml:21:5-23:62
MERGED from [com.android.support:design:25.3.1] AndroidManifest.xml:21:5-23:62
MERGED from [com.android.support:multidex:1.0.2] AndroidManifest.xml:20:5-43
MERGED from [com.android.support:multidex:1.0.2] AndroidManifest.xml:20:5-43
MERGED from [com.android.support:appcompat-v7:25.3.1] AndroidManifest.xml:21:5-23:78
MERGED from [com.android.support:appcompat-v7:25.3.1] AndroidManifest.xml:21:5-23:78
MERGED from [com.android.support:transition:25.3.1] AndroidManifest.xml:20:5-44
MERGED from [com.android.support:transition:25.3.1] AndroidManifest.xml:20:5-44
MERGED from [com.android.support:support-v4:25.3.1] AndroidManifest.xml:21:5-23:54
MERGED from [com.android.support:support-v4:25.3.1] AndroidManifest.xml:21:5-23:54
MERGED from [:nativescript-optimized-with-inspector:] AndroidManifest.xml:7:5-9:41
MERGED from [:nativescript-optimized-with-inspector:] AndroidManifest.xml:7:5-9:41
MERGED from [:nativescript_camera_plus:] AndroidManifest.xml:7:5-47
MERGED from [:nativescript_camera_plus:] AndroidManifest.xml:7:5-47
MERGED from [:nativescript-camera-plus:] AndroidManifest.xml:7:5-9:41
MERGED from [:nativescript-camera-plus:] AndroidManifest.xml:7:5-9:41
MERGED from [:nativescript_camera:] AndroidManifest.xml:7:5-47
MERGED from [:nativescript_camera:] AndroidManifest.xml:7:5-47
MERGED from [:fancylogger-release:] AndroidManifest.xml:7:5-9:41
MERGED from [:fancylogger-release:] AndroidManifest.xml:7:5-9:41
MERGED from [:libwebrtc:] AndroidManifest.xml:13:3-72
MERGED from [:libwebrtc:] AndroidManifest.xml:13:3-72
MERGED from [:fancywebrtc-release:] AndroidManifest.xml:7:5-9:41
MERGED from [:fancywebrtc-release:] AndroidManifest.xml:7:5-9:41
MERGED from [:widgets-release:] AndroidManifest.xml:7:5-9:41
MERGED from [:widgets-release:] AndroidManifest.xml:7:5-9:41
MERGED from [com.android.support:recyclerview-v7:25.3.1] AndroidManifest.xml:20:5-43
MERGED from [com.android.support:recyclerview-v7:25.3.1] AndroidManifest.xml:20:5-43
MERGED from [com.android.support:support-fragment:25.3.1] AndroidManifest.xml:21:5-23:60
MERGED from [com.android.support:support-fragment:25.3.1] AndroidManifest.xml:21:5-23:60
MERGED from [com.android.support:support-media-compat:25.3.1] AndroidManifest.xml:21:5-23:63
MERGED from [com.android.support:support-media-compat:25.3.1] AndroidManifest.xml:21:5-23:63
MERGED from [com.android.support:support-core-utils:25.3.1] AndroidManifest.xml:21:5-23:61
MERGED from [com.android.support:support-core-utils:25.3.1] AndroidManifest.xml:21:5-23:61
MERGED from [com.android.support:support-core-ui:25.3.1] AndroidManifest.xml:21:5-23:58
MERGED from [com.android.support:support-core-ui:25.3.1] AndroidManifest.xml:21:5-23:58
MERGED from [com.android.support:animated-vector-drawable:25.3.1] AndroidManifest.xml:20:5-44
MERGED from [com.android.support:animated-vector-drawable:25.3.1] AndroidManifest.xml:20:5-44
MERGED from [com.android.support:support-vector-drawable:25.3.1] AndroidManifest.xml:20:5-43
MERGED from [com.android.support:support-vector-drawable:25.3.1] AndroidManifest.xml:20:5-43
MERGED from [com.android.support:support-compat:25.3.1] AndroidManifest.xml:21:5-23:58
MERGED from [com.android.support:support-compat:25.3.1] AndroidManifest.xml:21:5-23:58
INJECTED from src/main/AndroidManifest.xml:13:2-15:34
INJECTED from src/main/AndroidManifest.xml:13:2-15:34
	tools:overrideLibrary
		ADDED from [com.android.support:design:25.3.1] AndroidManifest.xml:23:9-59
	android:targetSdkVersion
		ADDED from src/main/AndroidManifest.xml:15:3-32
		INJECTED from src/main/AndroidManifest.xml
		INJECTED from src/main/AndroidManifest.xml
	android:minSdkVersion
		ADDED from src/main/AndroidManifest.xml:14:3-29
		INJECTED from src/main/AndroidManifest.xml
		MERGED from src/main/AndroidManifest.xml:14:3-29
		MERGED from src/main/AndroidManifest.xml:14:3-29
		INJECTED from src/main/AndroidManifest.xml
uses-permission#android.permission.READ_EXTERNAL_STORAGE
ADDED from src/main/AndroidManifest.xml:17:2-76
MERGED from [:nativescript_camera_plus:] AndroidManifest.xml:10:5-80
MERGED from [:nativescript_camera_plus:] AndroidManifest.xml:10:5-80
	android:name
		ADDED from src/main/AndroidManifest.xml:17:19-74
uses-permission#android.permission.WRITE_EXTERNAL_STORAGE
ADDED from src/main/AndroidManifest.xml:18:2-77
MERGED from [:nativescript_camera_plus:] AndroidManifest.xml:9:5-81
MERGED from [:nativescript_camera_plus:] AndroidManifest.xml:9:5-81
MERGED from [:fancywebrtc-release:] AndroidManifest.xml:19:5-81
MERGED from [:fancywebrtc-release:] AndroidManifest.xml:19:5-81
	android:name
		ADDED from src/main/AndroidManifest.xml:18:19-75
uses-permission#android.permission.INTERNET
ADDED from src/main/AndroidManifest.xml:19:2-63
MERGED from [:fancywebrtc-release:] AndroidManifest.xml:18:5-67
MERGED from [:fancywebrtc-release:] AndroidManifest.xml:18:5-67
	android:name
		ADDED from src/main/AndroidManifest.xml:19:19-61
application
ADDED from src/main/AndroidManifest.xml:21:2-42:16
MERGED from [com.android.support:design:25.3.1] AndroidManifest.xml:29:5-20
MERGED from [com.android.support:design:25.3.1] AndroidManifest.xml:29:5-20
MERGED from [com.android.support:appcompat-v7:25.3.1] AndroidManifest.xml:29:5-20
MERGED from [com.android.support:appcompat-v7:25.3.1] AndroidManifest.xml:29:5-20
MERGED from [com.android.support:transition:25.3.1] AndroidManifest.xml:26:5-20
MERGED from [com.android.support:transition:25.3.1] AndroidManifest.xml:26:5-20
MERGED from [com.android.support:support-v4:25.3.1] AndroidManifest.xml:29:5-20
MERGED from [com.android.support:support-v4:25.3.1] AndroidManifest.xml:29:5-20
MERGED from [:nativescript_camera_plus:] AndroidManifest.xml:24:5-34:19
MERGED from [:nativescript_camera_plus:] AndroidManifest.xml:24:5-34:19
MERGED from [:nativescript-camera-plus:] AndroidManifest.xml:11:5-15:19
MERGED from [:nativescript-camera-plus:] AndroidManifest.xml:11:5-15:19
MERGED from [:nativescript_camera:] AndroidManifest.xml:11:5-21:19
MERGED from [:nativescript_camera:] AndroidManifest.xml:11:5-21:19
MERGED from [:widgets-release:] AndroidManifest.xml:11:5-12:19
MERGED from [:widgets-release:] AndroidManifest.xml:11:5-12:19
MERGED from [com.android.support:support-fragment:25.3.1] AndroidManifest.xml:29:5-20
MERGED from [com.android.support:support-fragment:25.3.1] AndroidManifest.xml:29:5-20
MERGED from [com.android.support:support-media-compat:25.3.1] AndroidManifest.xml:29:5-20
MERGED from [com.android.support:support-media-compat:25.3.1] AndroidManifest.xml:29:5-20
MERGED from [com.android.support:support-core-utils:25.3.1] AndroidManifest.xml:29:5-20
MERGED from [com.android.support:support-core-utils:25.3.1] AndroidManifest.xml:29:5-20
MERGED from [com.android.support:support-core-ui:25.3.1] AndroidManifest.xml:29:5-20
MERGED from [com.android.support:support-core-ui:25.3.1] AndroidManifest.xml:29:5-20
MERGED from [com.android.support:animated-vector-drawable:25.3.1] AndroidManifest.xml:26:5-20
MERGED from [com.android.support:animated-vector-drawable:25.3.1] AndroidManifest.xml:26:5-20
MERGED from [com.android.support:support-vector-drawable:25.3.1] AndroidManifest.xml:26:5-20
MERGED from [com.android.support:support-vector-drawable:25.3.1] AndroidManifest.xml:26:5-20
MERGED from [com.android.support:support-compat:25.3.1] AndroidManifest.xml:29:5-20
MERGED from [com.android.support:support-compat:25.3.1] AndroidManifest.xml:29:5-20
	android:supportsRtl
		ADDED from [:nativescript-camera-plus:] AndroidManifest.xml:14:9-35
	android:label
		ADDED from src/main/AndroidManifest.xml:25:3-35
	android:icon
		ADDED from src/main/AndroidManifest.xml:24:3-32
	android:allowBackup
		ADDED from src/main/AndroidManifest.xml:23:3-29
	android:theme
		ADDED from src/main/AndroidManifest.xml:26:3-34
	android:name
		ADDED from src/main/AndroidManifest.xml:22:3-49
activity#com.tns.NativeScriptActivity
ADDED from src/main/AndroidManifest.xml:28:3-40:14
	android:label
		ADDED from src/main/AndroidManifest.xml:30:4-49
	android:configChanges
		ADDED from src/main/AndroidManifest.xml:31:4-65
	android:theme
		ADDED from src/main/AndroidManifest.xml:32:4-44
	android:name
		ADDED from src/main/AndroidManifest.xml:29:4-47
meta-data#SET_THEME_ON_LAUNCH
ADDED from src/main/AndroidManifest.xml:34:4-87
	android:resource
		ADDED from src/main/AndroidManifest.xml:34:50-84
	android:name
		ADDED from src/main/AndroidManifest.xml:34:15-49
intent-filter#action:name:android.intent.action.MAIN+category:name:android.intent.category.LAUNCHER
ADDED from src/main/AndroidManifest.xml:36:4-39:20
action#android.intent.action.MAIN
ADDED from src/main/AndroidManifest.xml:37:5-57
	android:name
		ADDED from src/main/AndroidManifest.xml:37:13-54
category#android.intent.category.LAUNCHER
ADDED from src/main/AndroidManifest.xml:38:5-65
	android:name
		ADDED from src/main/AndroidManifest.xml:38:15-62
activity#com.tns.ErrorReportActivity
ADDED from src/main/AndroidManifest.xml:41:3-57
	android:name
		ADDED from src/main/AndroidManifest.xml:41:13-55
meta-data#android.support.VERSION
ADDED from [com.android.support:design:25.3.1] AndroidManifest.xml:25:5-27:34
MERGED from [com.android.support:appcompat-v7:25.3.1] AndroidManifest.xml:25:5-27:34
MERGED from [com.android.support:appcompat-v7:25.3.1] AndroidManifest.xml:25:5-27:34
MERGED from [com.android.support:transition:25.3.1] AndroidManifest.xml:22:5-24:34
MERGED from [com.android.support:transition:25.3.1] AndroidManifest.xml:22:5-24:34
MERGED from [com.android.support:support-v4:25.3.1] AndroidManifest.xml:25:5-27:34
MERGED from [com.android.support:support-v4:25.3.1] AndroidManifest.xml:25:5-27:34
MERGED from [com.android.support:recyclerview-v7:25.3.1] AndroidManifest.xml:22:5-24:34
MERGED from [com.android.support:recyclerview-v7:25.3.1] AndroidManifest.xml:22:5-24:34
MERGED from [com.android.support:support-fragment:25.3.1] AndroidManifest.xml:25:5-27:34
MERGED from [com.android.support:support-fragment:25.3.1] AndroidManifest.xml:25:5-27:34
MERGED from [com.android.support:support-media-compat:25.3.1] AndroidManifest.xml:25:5-27:34
MERGED from [com.android.support:support-media-compat:25.3.1] AndroidManifest.xml:25:5-27:34
MERGED from [com.android.support:support-core-utils:25.3.1] AndroidManifest.xml:25:5-27:34
MERGED from [com.android.support:support-core-utils:25.3.1] AndroidManifest.xml:25:5-27:34
MERGED from [com.android.support:support-core-ui:25.3.1] AndroidManifest.xml:25:5-27:34
MERGED from [com.android.support:support-core-ui:25.3.1] AndroidManifest.xml:25:5-27:34
MERGED from [com.android.support:animated-vector-drawable:25.3.1] AndroidManifest.xml:22:5-24:34
MERGED from [com.android.support:animated-vector-drawable:25.3.1] AndroidManifest.xml:22:5-24:34
MERGED from [com.android.support:support-vector-drawable:25.3.1] AndroidManifest.xml:22:5-24:34
MERGED from [com.android.support:support-vector-drawable:25.3.1] AndroidManifest.xml:22:5-24:34
MERGED from [com.android.support:support-compat:25.3.1] AndroidManifest.xml:25:5-27:34
MERGED from [com.android.support:support-compat:25.3.1] AndroidManifest.xml:25:5-27:34
	android:value
		ADDED from [com.android.support:design:25.3.1] AndroidManifest.xml:27:9-31
	android:name
		ADDED from [com.android.support:design:25.3.1] AndroidManifest.xml:26:9-47
uses-permission#android.permission.RECORD_AUDIO
ADDED from [:nativescript_camera_plus:] AndroidManifest.xml:11:5-71
MERGED from [:fancywebrtc-release:] AndroidManifest.xml:17:5-71
MERGED from [:fancywebrtc-release:] AndroidManifest.xml:17:5-71
	android:name
		ADDED from [:nativescript_camera_plus:] AndroidManifest.xml:11:22-68
uses-permission#android.permission.CAMERA
ADDED from [:nativescript_camera_plus:] AndroidManifest.xml:12:5-65
MERGED from [:nativescript_camera:] AndroidManifest.xml:9:5-65
MERGED from [:nativescript_camera:] AndroidManifest.xml:9:5-65
MERGED from [:fancywebrtc-release:] AndroidManifest.xml:15:5-65
MERGED from [:fancywebrtc-release:] AndroidManifest.xml:15:5-65
	android:name
		ADDED from [:nativescript_camera_plus:] AndroidManifest.xml:12:22-62
uses-feature#android.hardware.camera
ADDED from [:nativescript_camera_plus:] AndroidManifest.xml:14:5-16:36
	android:required
		ADDED from [:nativescript_camera_plus:] AndroidManifest.xml:16:9-33
	android:name
		ADDED from [:nativescript_camera_plus:] AndroidManifest.xml:15:9-47
uses-feature#android.hardware.camera.front
ADDED from [:nativescript_camera_plus:] AndroidManifest.xml:17:5-19:36
	android:required
		ADDED from [:nativescript_camera_plus:] AndroidManifest.xml:19:9-33
	android:name
		ADDED from [:nativescript_camera_plus:] AndroidManifest.xml:18:9-53
uses-feature#android.hardware.camera.autofocus
ADDED from [:nativescript_camera_plus:] AndroidManifest.xml:20:5-22:36
	android:required
		ADDED from [:nativescript_camera_plus:] AndroidManifest.xml:22:9-33
	android:name
		ADDED from [:nativescript_camera_plus:] AndroidManifest.xml:21:9-57
provider#android.support.v4.content.FileProvider
ADDED from [:nativescript_camera_plus:] AndroidManifest.xml:25:9-33:20
MERGED from [:nativescript_camera:] AndroidManifest.xml:12:9-20:20
MERGED from [:nativescript_camera:] AndroidManifest.xml:12:9-20:20
	android:grantUriPermissions
		ADDED from [:nativescript_camera_plus:] AndroidManifest.xml:29:13-47
	android:authorities
		ADDED from [:nativescript_camera_plus:] AndroidManifest.xml:27:13-60
	android:exported
		ADDED from [:nativescript_camera_plus:] AndroidManifest.xml:28:13-37
	android:name
		ADDED from [:nativescript_camera_plus:] AndroidManifest.xml:26:13-67
meta-data#android.support.FILE_PROVIDER_PATHS
ADDED from [:nativescript_camera_plus:] AndroidManifest.xml:30:13-32:58
MERGED from [:nativescript_camera:] AndroidManifest.xml:17:13-19:58
MERGED from [:nativescript_camera:] AndroidManifest.xml:17:13-19:58
	android:resource
		ADDED from [:nativescript_camera_plus:] AndroidManifest.xml:32:17-55
	android:name
		ADDED from [:nativescript_camera_plus:] AndroidManifest.xml:31:17-67
uses-feature#0x00020000
ADDED from [:fancywebrtc-release:] AndroidManifest.xml:11:5-13:35
	android:glEsVersion
		ADDED from [:fancywebrtc-release:] AndroidManifest.xml:12:9-41
	android:required
		ADDED from [:fancywebrtc-release:] AndroidManifest.xml:13:9-32
uses-permission#android.permission.MODIFY_AUDIO_SETTINGS
ADDED from [:fancywebrtc-release:] AndroidManifest.xml:16:5-80
	android:name
		ADDED from [:fancywebrtc-release:] AndroidManifest.xml:16:22-77
uses-permission#android.permission.ACCESS_NETWORK_STATE
ADDED from [:fancywebrtc-release:] AndroidManifest.xml:20:5-79
	android:name
		ADDED from [:fancywebrtc-release:] AndroidManifest.xml:20:22-76